This file contains any messages produced by compilers while
running configure, to aid debugging if configure makes a mistake.

It was created by sudokuki configure 1.1.Beta3, which was
generated by GNU Autoconf 2.61.  Invocation command line was

  $ ./configure 

## --------- ##
## Platform. ##
## --------- ##

hostname = kyoto
uname -m = i686
uname -r = 2.6.30.7-libre-fshoppe1
uname -s = Linux
uname -v = #1 SMP Wed Sep 23 15:31:59 CEST 2009

/usr/bin/uname -p = unknown
/bin/uname -X     = unknown

/bin/arch              = unknown
/usr/bin/arch -k       = unknown
/usr/convex/getsysinfo = unknown
/usr/bin/hostinfo      = unknown
/bin/machine           = unknown
/usr/bin/oslevel       = unknown
/bin/universe          = unknown

PATH: /usr/local/sbin
PATH: /usr/local/bin
PATH: /usr/sbin
PATH: /usr/bin
PATH: /sbin
PATH: /bin
PATH: /usr/games
PATH: /opt/android-sdk-linux_x86/tools
PATH: /opt/android-sdk-linux_x86/platform-tools


## ----------- ##
## Core tests. ##
## ----------- ##

configure:1876: checking for a BSD-compatible install
configure:1932: result: /usr/bin/install -c
configure:1943: checking whether build environment is sane
configure:1986: result: yes
configure:2014: checking for a thread-safe mkdir -p
configure:2053: result: /bin/mkdir -p
configure:2066: checking for gawk
configure:2082: found /usr/bin/gawk
configure:2093: result: gawk
configure:2104: checking whether make sets $(MAKE)
configure:2125: result: yes
configure:2308: checking how to create a pax tar archive
configure:2321: tar --version
tar (GNU tar) 1.19
Copyright (C) 2007 Free Software Foundation, Inc.
License GPLv3+: GNU GPL version 3 or later <http://gnu.org/licenses/gpl.html>
This is free software: you are free to change and redistribute it.
There is NO WARRANTY, to the extent permitted by law.

Written by John Gilmore and Jay Fenlason.
configure:2324: $? = 0
configure:2364: tardir=conftest.dir && eval tar --format=posix -chf - "$tardir" >conftest.tar
configure:2367: $? = 0
configure:2371: tar -xf - <conftest.tar
configure:2374: $? = 0
configure:2387: result: gnutar
configure:2425: checking build system type
configure:2443: result: i686-pc-linux-gnu
configure:2465: checking host system type
configure:2480: result: i686-pc-linux-gnu
configure:2523: checking how to print strings
configure:2550: result: printf
configure:2583: checking for style of include used by make
configure:2611: result: GNU
configure:2681: checking for gcc
configure:2697: found /usr/bin/gcc
configure:2708: result: gcc
configure:2946: checking for C compiler version
configure:2953: gcc --version >&5
gcc (GCC) 4.2.4 (Ubuntu 4.2.4-1ubuntu4)
Copyright (C) 2007 Free Software Foundation, Inc.
This is free software; see the source for copying conditions.  There is NO
warranty; not even for MERCHANTABILITY or FITNESS FOR A PARTICULAR PURPOSE.

configure:2956: $? = 0
configure:2963: gcc -v >&5
Using built-in specs.
Target: i486-linux-gnu
Configured with: ../src/configure -v --enable-languages=c,c++,fortran,objc,obj-c++,treelang --prefix=/usr --enable-shared --with-system-zlib --libexecdir=/usr/lib --without-included-gettext --enable-threads=posix --enable-nls --with-gxx-include-dir=/usr/include/c++/4.2 --program-suffix=-4.2 --enable-clocale=gnu --enable-libstdcxx-debug --enable-objc-gc --enable-mpfr --enable-targets=all --enable-checking=release --build=i486-linux-gnu --host=i486-linux-gnu --target=i486-linux-gnu
Thread model: posix
gcc version 4.2.4 (Ubuntu 4.2.4-1ubuntu4)
configure:2966: $? = 0
configure:2973: gcc -V >&5
gcc: '-V' option must have argument
configure:2976: $? = 1
configure:2999: checking for C compiler default output file name
configure:3026: gcc    conftest.c  >&5
configure:3029: $? = 0
configure:3067: result: a.out
configure:3084: checking whether the C compiler works
configure:3094: ./a.out
configure:3097: $? = 0
configure:3114: result: yes
configure:3121: checking whether we are cross compiling
configure:3123: result: no
configure:3126: checking for suffix of executables
configure:3133: gcc -o conftest    conftest.c  >&5
configure:3136: $? = 0
configure:3160: result: 
configure:3166: checking for suffix of object files
configure:3192: gcc -c   conftest.c >&5
configure:3195: $? = 0
configure:3218: result: o
configure:3222: checking whether we are using the GNU C compiler
configure:3251: gcc -c   conftest.c >&5
configure:3257: $? = 0
configure:3274: result: yes
configure:3279: checking whether gcc accepts -g
configure:3309: gcc -c -g  conftest.c >&5
configure:3315: $? = 0
configure:3414: result: yes
configure:3431: checking for gcc option to accept ISO C89
configure:3505: gcc  -c -g -O2  conftest.c >&5
configure:3511: $? = 0
configure:3534: result: none needed
configure:3554: checking dependency style of gcc
configure:3645: result: gcc3
configure:3660: checking for a sed that does not truncate output
configure:3739: result: /bin/sed
configure:3757: checking for grep that handles long lines and -e
configure:3831: result: /bin/grep
configure:3836: checking for egrep
configure:3914: result: /bin/grep -E
configure:3919: checking for fgrep
configure:3997: result: /bin/grep -F
configure:4032: checking for ld used by gcc
configure:4099: result: /usr/bin/ld
configure:4108: checking if the linker (/usr/bin/ld) is GNU ld
configure:4123: result: yes
configure:4135: checking for BSD- or MS-compatible name lister (nm)
configure:4184: result: /usr/bin/nm -B
configure:4318: checking the name lister (/usr/bin/nm -B) interface
configure:4325: gcc -c -g -O2  conftest.c >&5
configure:4328: /usr/bin/nm -B "conftest.o"
configure:4331: output
00000000 B some_variable
configure:4338: result: BSD nm
configure:4341: checking whether ln -s works
configure:4345: result: yes
configure:4353: checking the maximum length of command line arguments
configure:4478: result: 98304
configure:4495: checking whether the shell understands some XSI constructs
configure:4505: result: yes
configure:4509: checking whether the shell understands "+="
configure:4515: result: yes
configure:4550: checking how to convert i686-pc-linux-gnu file names to i686-pc-linux-gnu format
configure:4590: result: func_convert_file_noop
configure:4597: checking how to convert i686-pc-linux-gnu file names to toolchain format
configure:4617: result: func_convert_file_noop
configure:4624: checking for /usr/bin/ld option to reload object files
configure:4631: result: -r
configure:4705: checking for objdump
configure:4721: found /usr/bin/objdump
configure:4732: result: objdump
configure:4768: checking how to recognize dependent libraries
configure:4970: result: pass_all
configure:5055: checking for dlltool
configure:5085: result: no
configure:5119: checking how to associate runtime and link libraries
configure:5146: result: printf %s\n
configure:5207: checking for ar
configure:5223: found /usr/bin/ar
configure:5234: result: ar
configure:5275: checking for archiver @FILE support
configure:5302: gcc -c -g -O2  conftest.c >&5
configure:5308: $? = 0
configure:5315: ar cru libconftest.a @conftest.lst >&5
configure:5318: $? = 0
configure:5323: ar cru libconftest.a @conftest.lst >&5
ar: conftest.o: No such file or directory
configure:5326: $? = 1
configure:5344: result: @
configure:5402: checking for strip
configure:5418: found /usr/bin/strip
configure:5429: result: strip
configure:5505: checking for ranlib
configure:5521: found /usr/bin/ranlib
configure:5532: result: ranlib
configure:5638: checking command to parse /usr/bin/nm -B output from gcc object
configure:5757: gcc -c -g -O2  conftest.c >&5
configure:5760: $? = 0
configure:5764: /usr/bin/nm -B conftest.o \| sed -n -e 's/^.*[ ]\([ABCDGIRSTW][ABCDGIRSTW]*\)[ ][ ]*\([_A-Za-z][_A-Za-z0-9]*\)$/\1 \2 \2/p' | sed '/ __gnu_lto/d' \> conftest.nm
configure:5767: $? = 0
configure:5833: gcc -o conftest -g -O2   conftest.c conftstm.o >&5
configure:5836: $? = 0
configure:5874: result: ok
configure:5911: checking for sysroot
configure:5943: result: no
configure:6211: checking for mt
configure:6227: found /bin/mt
configure:6238: result: mt
configure:6265: checking if mt is a manifest tool
configure:6271: mt '-?'
mt: invalid option -- ?
configure:6279: result: no
configure:6956: checking how to run the C preprocessor
configure:6996: gcc -E  conftest.c
configure:7002: $? = 0
configure:7033: gcc -E  conftest.c
conftest.c:10:28: error: ac_nonexistent.h: No such file or directory
configure:7039: $? = 1
configure: failed program was:
| /* confdefs.h.  */
| #define PACKAGE_NAME "sudokuki"
| #define PACKAGE_TARNAME "sudokuki"
| #define PACKAGE_VERSION "1.1.Beta3"
| #define PACKAGE_STRING "sudokuki 1.1.Beta3"
| #define PACKAGE_BUGREPORT "sylvain@jankenpoi.net"
| #define PACKAGE "sudokuki"
| #define VERSION "1.1.Beta3"
| /* end confdefs.h.  */
| #include <ac_nonexistent.h>
configure:7072: result: gcc -E
configure:7101: gcc -E  conftest.c
configure:7107: $? = 0
configure:7138: gcc -E  conftest.c
conftest.c:10:28: error: ac_nonexistent.h: No such file or directory
configure:7144: $? = 1
configure: failed program was:
| /* confdefs.h.  */
| #define PACKAGE_NAME "sudokuki"
| #define PACKAGE_TARNAME "sudokuki"
| #define PACKAGE_VERSION "1.1.Beta3"
| #define PACKAGE_STRING "sudokuki 1.1.Beta3"
| #define PACKAGE_BUGREPORT "sylvain@jankenpoi.net"
| #define PACKAGE "sudokuki"
| #define VERSION "1.1.Beta3"
| /* end confdefs.h.  */
| #include <ac_nonexistent.h>
configure:7182: checking for ANSI C header files
configure:7212: gcc -c -g -O2  conftest.c >&5
configure:7218: $? = 0
configure:7317: gcc -o conftest -g -O2   conftest.c  >&5
configure:7320: $? = 0
configure:7326: ./conftest
configure:7329: $? = 0
configure:7346: result: yes
configure:7370: checking for sys/types.h
configure:7391: gcc -c -g -O2  conftest.c >&5
configure:7397: $? = 0
configure:7413: result: yes
configure:7370: checking for sys/stat.h
configure:7391: gcc -c -g -O2  conftest.c >&5
configure:7397: $? = 0
configure:7413: result: yes
configure:7370: checking for stdlib.h
configure:7391: gcc -c -g -O2  conftest.c >&5
configure:7397: $? = 0
configure:7413: result: yes
configure:7370: checking for string.h
configure:7391: gcc -c -g -O2  conftest.c >&5
configure:7397: $? = 0
configure:7413: result: yes
configure:7370: checking for memory.h
configure:7391: gcc -c -g -O2  conftest.c >&5
configure:7397: $? = 0
configure:7413: result: yes
configure:7370: checking for strings.h
configure:7391: gcc -c -g -O2  conftest.c >&5
configure:7397: $? = 0
configure:7413: result: yes
configure:7370: checking for inttypes.h
configure:7391: gcc -c -g -O2  conftest.c >&5
configure:7397: $? = 0
configure:7413: result: yes
configure:7370: checking for stdint.h
configure:7391: gcc -c -g -O2  conftest.c >&5
configure:7397: $? = 0
configure:7413: result: yes
configure:7370: checking for unistd.h
configure:7391: gcc -c -g -O2  conftest.c >&5
configure:7397: $? = 0
configure:7413: result: yes
configure:7429: checking for dlfcn.h
configure:7450: gcc -c -g -O2  conftest.c >&5
configure:7456: $? = 0
configure:7472: result: yes
configure:7658: checking for objdir
configure:7673: result: .libs
configure:7944: checking if gcc supports -fno-rtti -fno-exceptions
configure:7962: gcc -c -g -O2  -fno-rtti -fno-exceptions conftest.c >&5
cc1: warning: command line option "-fno-rtti" is valid for C++/ObjC++ but not for C
configure:7966: $? = 0
configure:7979: result: no
configure:8289: checking for gcc option to produce PIC
configure:8296: result: -fPIC -DPIC
configure:8304: checking if gcc PIC flag -fPIC -DPIC works
configure:8322: gcc -c -g -O2  -fPIC -DPIC -DPIC conftest.c >&5
configure:8326: $? = 0
configure:8339: result: yes
configure:8368: checking if gcc static flag -static works
configure:8396: result: yes
configure:8411: checking if gcc supports -c -o file.o
configure:8432: gcc -c -g -O2  -o out/conftest2.o conftest.c >&5
configure:8436: $? = 0
configure:8458: result: yes
configure:8466: checking if gcc supports -c -o file.o
configure:8513: result: yes
configure:8546: checking whether the gcc linker (/usr/bin/ld) supports shared libraries
configure:9783: result: yes
configure:9820: checking whether -lc should be explicitly linked in
configure:9828: gcc -c -g -O2  conftest.c >&5
configure:9831: $? = 0
configure:9846: gcc -shared  -fPIC -DPIC conftest.o  -v -Wl,-soname -Wl,conftest -o conftest 2\>\&1 \| /bin/grep  -lc  \>/dev/null 2\>\&1
configure:9849: $? = 0
configure:9863: result: no
configure:10028: checking dynamic linker characteristics
configure:10552: gcc -o conftest -g -O2   -Wl,-rpath -Wl,/foo conftest.c  >&5
configure:10558: $? = 0
configure:10792: result: GNU/Linux ld.so
configure:10899: checking how to hardcode library paths into programs
configure:10924: result: immediate
configure:11749: checking whether stripping libraries is possible
configure:11754: result: yes
configure:11789: checking if libtool supports shared libraries
configure:11791: result: yes
configure:11794: checking whether to build shared libraries
configure:11815: result: yes
configure:11818: checking whether to build static libraries
configure:11822: result: yes
configure:11860: checking whether NLS is requested
configure:11869: result: yes
configure:11910: checking for msgfmt
configure: trying /usr/bin/msgfmt...
0 translated messages.
configure:11942: result: /usr/bin/msgfmt
configure:11951: checking for gmsgfmt
configure:11982: result: /usr/bin/msgfmt
configure:12033: checking for xgettext
configure: trying /usr/bin/xgettext...
/usr/bin/xgettext: warning: file `/dev/null' extension `' is unknown; will try C
configure:12065: result: /usr/bin/xgettext
configure:12111: checking for msgmerge
configure: trying /usr/bin/msgmerge...
configure:12142: result: /usr/bin/msgmerge
configure:12199: checking for ld used by GCC
configure:12263: result: /usr/bin/ld
configure:12272: checking if the linker (/usr/bin/ld) is GNU ld
configure:12285: result: yes
configure:12292: checking for shared library run path origin
configure:12305: result: done
configure:12806: checking for CFPreferencesCopyAppValue
configure:12834: gcc -o conftest -g -O2   conftest.c  -Wl,-framework -Wl,CoreFoundation >&5
conftest.c:22:42: error: CoreFoundation/CFPreferences.h: No such file or directory
conftest.c: In function 'main':
conftest.c:26: error: 'NULL' undeclared (first use in this function)
conftest.c:26: error: (Each undeclared identifier is reported only once
conftest.c:26: error: for each function it appears in.)
configure:12840: $? = 1
configure: failed program was:
| /* confdefs.h.  */
| #define PACKAGE_NAME "sudokuki"
| #define PACKAGE_TARNAME "sudokuki"
| #define PACKAGE_VERSION "1.1.Beta3"
| #define PACKAGE_STRING "sudokuki 1.1.Beta3"
| #define PACKAGE_BUGREPORT "sylvain@jankenpoi.net"
| #define PACKAGE "sudokuki"
| #define VERSION "1.1.Beta3"
| #define STDC_HEADERS 1
| #define HAVE_SYS_TYPES_H 1
| #define HAVE_SYS_STAT_H 1
| #define HAVE_STDLIB_H 1
| #define HAVE_STRING_H 1
| #define HAVE_MEMORY_H 1
| #define HAVE_STRINGS_H 1
| #define HAVE_INTTYPES_H 1
| #define HAVE_STDINT_H 1
| #define HAVE_UNISTD_H 1
| #define HAVE_DLFCN_H 1
| #define LT_OBJDIR ".libs/"
| /* end confdefs.h.  */
| #include <CoreFoundation/CFPreferences.h>
| int
| main ()
| {
| CFPreferencesCopyAppValue(NULL, NULL)
|   ;
|   return 0;
| }
configure:12858: result: no
configure:12867: checking for CFLocaleCopyCurrent
configure:12895: gcc -o conftest -g -O2   conftest.c  -Wl,-framework -Wl,CoreFoundation >&5
conftest.c:22:37: error: CoreFoundation/CFLocale.h: No such file or directory
configure:12901: $? = 1
configure: failed program was:
| /* confdefs.h.  */
| #define PACKAGE_NAME "sudokuki"
| #define PACKAGE_TARNAME "sudokuki"
| #define PACKAGE_VERSION "1.1.Beta3"
| #define PACKAGE_STRING "sudokuki 1.1.Beta3"
| #define PACKAGE_BUGREPORT "sylvain@jankenpoi.net"
| #define PACKAGE "sudokuki"
| #define VERSION "1.1.Beta3"
| #define STDC_HEADERS 1
| #define HAVE_SYS_TYPES_H 1
| #define HAVE_SYS_STAT_H 1
| #define HAVE_STDLIB_H 1
| #define HAVE_STRING_H 1
| #define HAVE_MEMORY_H 1
| #define HAVE_STRINGS_H 1
| #define HAVE_INTTYPES_H 1
| #define HAVE_STDINT_H 1
| #define HAVE_UNISTD_H 1
| #define HAVE_DLFCN_H 1
| #define LT_OBJDIR ".libs/"
| /* end confdefs.h.  */
| #include <CoreFoundation/CFLocale.h>
| int
| main ()
| {
| CFLocaleCopyCurrent();
|   ;
|   return 0;
| }
configure:12919: result: no
configure:12970: checking for GNU gettext in libc
configure:13000: gcc -o conftest -g -O2   conftest.c  >&5
configure:13006: $? = 0
configure:13024: result: yes
configure:13908: checking whether to use NLS
configure:13910: result: yes
configure:13913: checking where the gettext function comes from
configure:13924: result: libc
configure:13997: Use the following command if you want to specify a custom JAVA_HOME
configure:13999:   ./configure JAVA_HOME=<path to an installed JDK top directory...)
configure:14002: checking for JAVA_HOME
configure:14008: result: not set
configure:14016: checking for javac
configure:14034: found /usr/bin/javac
configure:14046: result: /usr/bin/javac
configure:14158: Checking whether /usr is a valid JAVA_HOME for a JDK...
configure:14163: checking for javac
configure:14181: found /usr/bin/javac
configure:14194: result: /usr/bin/javac
configure:14204: checking for javah
configure:14222: found /usr/bin/javah
configure:14235: result: /usr/bin/javah
configure:14245: checking for java
configure:14263: found /usr/bin/java
configure:14276: result: /usr/bin/java
configure:14286: checking for jar
configure:14304: found /usr/bin/jar
configure:14317: result: /usr/bin/jar
configure:14388: checking for gcc
configure:14415: result: gcc
configure:14653: checking for C compiler version
configure:14660: gcc --version >&5
gcc (GCC) 4.2.4 (Ubuntu 4.2.4-1ubuntu4)
Copyright (C) 2007 Free Software Foundation, Inc.
This is free software; see the source for copying conditions.  There is NO
warranty; not even for MERCHANTABILITY or FITNESS FOR A PARTICULAR PURPOSE.

configure:14663: $? = 0
configure:14670: gcc -v >&5
Using built-in specs.
Target: i486-linux-gnu
Configured with: ../src/configure -v --enable-languages=c,c++,fortran,objc,obj-c++,treelang --prefix=/usr --enable-shared --with-system-zlib --libexecdir=/usr/lib --without-included-gettext --enable-threads=posix --enable-nls --with-gxx-include-dir=/usr/include/c++/4.2 --program-suffix=-4.2 --enable-clocale=gnu --enable-libstdcxx-debug --enable-objc-gc --enable-mpfr --enable-targets=all --enable-checking=release --build=i486-linux-gnu --host=i486-linux-gnu --target=i486-linux-gnu
Thread model: posix
gcc version 4.2.4 (Ubuntu 4.2.4-1ubuntu4)
configure:14673: $? = 0
configure:14680: gcc -V >&5
gcc: '-V' option must have argument
configure:14683: $? = 1
configure:14686: checking whether we are using the GNU C compiler
configure:14738: result: yes
configure:14743: checking whether gcc accepts -g
configure:14878: result: yes
configure:14895: checking for gcc option to accept ISO C89
configure:14998: result: none needed
configure:15018: checking dependency style of gcc
configure:15109: result: gcc3
configure:15172: checking for gcc
configure:15199: result: gcc
configure:15437: checking for C compiler version
configure:15444: gcc --version >&5
gcc (GCC) 4.2.4 (Ubuntu 4.2.4-1ubuntu4)
Copyright (C) 2007 Free Software Foundation, Inc.
This is free software; see the source for copying conditions.  There is NO
warranty; not even for MERCHANTABILITY or FITNESS FOR A PARTICULAR PURPOSE.

configure:15447: $? = 0
configure:15454: gcc -v >&5
Using built-in specs.
Target: i486-linux-gnu
Configured with: ../src/configure -v --enable-languages=c,c++,fortran,objc,obj-c++,treelang --prefix=/usr --enable-shared --with-system-zlib --libexecdir=/usr/lib --without-included-gettext --enable-threads=posix --enable-nls --with-gxx-include-dir=/usr/include/c++/4.2 --program-suffix=-4.2 --enable-clocale=gnu --enable-libstdcxx-debug --enable-objc-gc --enable-mpfr --enable-targets=all --enable-checking=release --build=i486-linux-gnu --host=i486-linux-gnu --target=i486-linux-gnu
Thread model: posix
gcc version 4.2.4 (Ubuntu 4.2.4-1ubuntu4)
configure:15457: $? = 0
configure:15464: gcc -V >&5
gcc: '-V' option must have argument
configure:15467: $? = 1
configure:15470: checking whether we are using the GNU C compiler
configure:15522: result: yes
configure:15527: checking whether gcc accepts -g
configure:15662: result: yes
configure:15679: checking for gcc option to accept ISO C89
configure:15782: result: none needed
configure:15802: checking dependency style of gcc
configure:15893: result: gcc3
configure:16074: creating ./config.status

## ---------------------- ##
## Running config.status. ##
## ---------------------- ##

This file was extended by sudokuki config.status 1.1.Beta3, which was
generated by GNU Autoconf 2.61.  Invocation command line was

  CONFIG_FILES    = 
  CONFIG_HEADERS  = 
  CONFIG_LINKS    = 
  CONFIG_COMMANDS = 
  $ ./config.status 

on kyoto

config.status:887: creating Makefile
config.status:887: creating src/Makefile
config.status:887: creating src/suexg/Makefile
config.status:887: creating src/resources/Makefile
config.status:887: creating src/classes/Makefile
config.status:887: creating po/Makefile.in
config.status:1078: executing depfiles commands
config.status:1078: executing libtool commands
config.status:1078: executing po-directories commands
config.status:1078: executing Version.java commands

## ---------------- ##
## Cache variables. ##
## ---------------- ##

ac_cv_build=i686-pc-linux-gnu
ac_cv_c_compiler_gnu=yes
ac_cv_env_CC_set=
ac_cv_env_CC_value=
ac_cv_env_CFLAGS_set=
ac_cv_env_CFLAGS_value=
ac_cv_env_CPPFLAGS_set=
ac_cv_env_CPPFLAGS_value=
ac_cv_env_CPP_set=
ac_cv_env_CPP_value=
ac_cv_env_JAVA_HOME_set=
ac_cv_env_JAVA_HOME_value=
ac_cv_env_LDFLAGS_set=
ac_cv_env_LDFLAGS_value=
ac_cv_env_LIBS_set=
ac_cv_env_LIBS_value=
ac_cv_env_build_alias_set=
ac_cv_env_build_alias_value=
ac_cv_env_host_alias_set=
ac_cv_env_host_alias_value=
ac_cv_env_target_alias_set=
ac_cv_env_target_alias_value=
ac_cv_header_dlfcn_h=yes
ac_cv_header_inttypes_h=yes
ac_cv_header_memory_h=yes
ac_cv_header_stdc=yes
ac_cv_header_stdint_h=yes
ac_cv_header_stdlib_h=yes
ac_cv_header_string_h=yes
ac_cv_header_strings_h=yes
ac_cv_header_sys_stat_h=yes
ac_cv_header_sys_types_h=yes
ac_cv_header_unistd_h=yes
ac_cv_host=i686-pc-linux-gnu
ac_cv_objext=o
ac_cv_path_EGREP='/bin/grep -E'
ac_cv_path_FGREP='/bin/grep -F'
ac_cv_path_GMSGFMT=/usr/bin/msgfmt
ac_cv_path_GREP=/bin/grep
ac_cv_path_JAR=/usr/bin/jar
ac_cv_path_JAVA=/usr/bin/java
ac_cv_path_JAVAC=/usr/bin/javac
ac_cv_path_JAVAH=/usr/bin/javah
ac_cv_path_MSGFMT=/usr/bin/msgfmt
ac_cv_path_MSGMERGE=/usr/bin/msgmerge
ac_cv_path_SED=/bin/sed
ac_cv_path_TMP_JAVAC=/usr/bin/javac
ac_cv_path_XGETTEXT=/usr/bin/xgettext
ac_cv_path_install='/usr/bin/install -c'
ac_cv_path_mkdir=/bin/mkdir
ac_cv_prog_AWK=gawk
ac_cv_prog_CPP='gcc -E'
ac_cv_prog_ac_ct_AR=ar
ac_cv_prog_ac_ct_CC=gcc
ac_cv_prog_ac_ct_MANIFEST_TOOL=mt
ac_cv_prog_ac_ct_OBJDUMP=objdump
ac_cv_prog_ac_ct_RANLIB=ranlib
ac_cv_prog_ac_ct_STRIP=strip
ac_cv_prog_cc_c89=
ac_cv_prog_cc_g=yes
ac_cv_prog_make_make_set=yes
acl_cv_hardcode_direct=no
acl_cv_hardcode_libdir_flag_spec='${wl}-rpath ${wl}$libdir'
acl_cv_hardcode_libdir_separator=
acl_cv_hardcode_minus_L=no
acl_cv_libext=a
acl_cv_libname_spec='lib$name'
acl_cv_library_names_spec='$libname$shrext'
acl_cv_path_LD=/usr/bin/ld
acl_cv_prog_gnu_ld=yes
acl_cv_rpath=done
acl_cv_shlibext=so
acl_cv_wl=-Wl,
am_cv_CC_dependencies_compiler_type=gcc3
am_cv_prog_cc_stdc=
am_cv_prog_tar_pax=gnutar
gt_cv_func_CFLocaleCopyCurrent=no
gt_cv_func_CFPreferencesCopyAppValue=no
gt_cv_func_gnugettext1_libc=yes
lt_cv_ar_at_file=@
lt_cv_archive_cmds_need_lc=no
lt_cv_deplibs_check_method=pass_all
lt_cv_file_magic_cmd='$MAGIC_CMD'
lt_cv_file_magic_test_file=
lt_cv_ld_reload_flag=-r
lt_cv_nm_interface='BSD nm'
lt_cv_objdir=.libs
lt_cv_path_LD=/usr/bin/ld
lt_cv_path_NM='/usr/bin/nm -B'
lt_cv_path_mainfest_tool=no
lt_cv_prog_compiler_c_o=yes
lt_cv_prog_compiler_pic='-fPIC -DPIC'
lt_cv_prog_compiler_pic_works=yes
lt_cv_prog_compiler_rtti_exceptions=no
lt_cv_prog_compiler_static_works=yes
lt_cv_prog_gnu_ld=yes
lt_cv_sharedlib_from_linklib_cmd='printf %s\n'
lt_cv_shlibpath_overrides_runpath=no
lt_cv_sys_global_symbol_pipe='sed -n -e '\''s/^.*[	 ]\([ABCDGIRSTW][ABCDGIRSTW]*\)[	 ][	 ]*\([_A-Za-z][_A-Za-z0-9]*\)$/\1 \2 \2/p'\'' | sed '\''/ __gnu_lto/d'\'''
lt_cv_sys_global_symbol_to_c_name_address='sed -n -e '\''s/^: \([^ ]*\)[ ]*$/  {\"\1\", (void *) 0},/p'\'' -e '\''s/^[ABCDGIRSTW]* \([^ ]*\) \([^ ]*\)$/  {"\2", (void *) \&\2},/p'\'''
lt_cv_sys_global_symbol_to_c_name_address_lib_prefix='sed -n -e '\''s/^: \([^ ]*\)[ ]*$/  {\"\1\", (void *) 0},/p'\'' -e '\''s/^[ABCDGIRSTW]* \([^ ]*\) \(lib[^ ]*\)$/  {"\2", (void *) \&\2},/p'\'' -e '\''s/^[ABCDGIRSTW]* \([^ ]*\) \([^ ]*\)$/  {"lib\2", (void *) \&\2},/p'\'''
lt_cv_sys_global_symbol_to_cdecl='sed -n -e '\''s/^T .* \(.*\)$/extern int \1();/p'\'' -e '\''s/^[ABCDGIRSTW]* .* \(.*\)$/extern char \1;/p'\'''
lt_cv_sys_max_cmd_len=98304
lt_cv_to_host_file_cmd=func_convert_file_noop
lt_cv_to_tool_file_cmd=func_convert_file_noop

## ----------------- ##
## Output variables. ##
## ----------------- ##

ACLOCAL='${SHELL} /home/sylvain/Devs/sudokukiTrunk/sudokuki/RELEASE/sudokuki/build-aux/missing --run aclocal-1.10'
AMDEPBACKSLASH='\'
AMDEP_FALSE='#'
AMDEP_TRUE=''
AMTAR='${SHELL} /home/sylvain/Devs/sudokukiTrunk/sudokuki/RELEASE/sudokuki/build-aux/missing --run tar'
AR='ar'
AUTOCONF='${SHELL} /home/sylvain/Devs/sudokukiTrunk/sudokuki/RELEASE/sudokuki/build-aux/missing --run autoconf'
AUTOHEADER='${SHELL} /home/sylvain/Devs/sudokukiTrunk/sudokuki/RELEASE/sudokuki/build-aux/missing --run autoheader'
AUTOMAKE='${SHELL} /home/sylvain/Devs/sudokukiTrunk/sudokuki/RELEASE/sudokuki/build-aux/missing --run automake-1.10'
AWK='gawk'
CC='gcc'
CCDEPMODE='depmode=gcc3'
CFLAGS='-g -O2'
CPP='gcc -E'
CPPFLAGS=''
CYGPATH_W='echo'
DEFS='-DPACKAGE_NAME=\"sudokuki\" -DPACKAGE_TARNAME=\"sudokuki\" -DPACKAGE_VERSION=\"1.1.Beta3\" -DPACKAGE_STRING=\"sudokuki\ 1.1.Beta3\" -DPACKAGE_BUGREPORT=\"sylvain@jankenpoi.net\" -DPACKAGE=\"sudokuki\" -DVERSION=\"1.1.Beta3\" -DSTDC_HEADERS=1 -DHAVE_SYS_TYPES_H=1 -DHAVE_SYS_STAT_H=1 -DHAVE_STDLIB_H=1 -DHAVE_STRING_H=1 -DHAVE_MEMORY_H=1 -DHAVE_STRINGS_H=1 -DHAVE_INTTYPES_H=1 -DHAVE_STDINT_H=1 -DHAVE_UNISTD_H=1 -DHAVE_DLFCN_H=1 -DLT_OBJDIR=\".libs/\" -DENABLE_NLS=1 -DHAVE_GETTEXT=1 -DHAVE_DCGETTEXT=1'
DEPDIR='.deps'
DLLTOOL='false'
DSYMUTIL=''
DUMPBIN=''
ECHO_C=''
ECHO_N='-n'
ECHO_T=''
EGREP='/bin/grep -E'
EXEEXT=''
FGREP='/bin/grep -F'
GETTEXT_MACRO_VERSION='0.17'
GMSGFMT='/usr/bin/msgfmt'
GMSGFMT_015='/usr/bin/msgfmt'
GREP='/bin/grep'
INSTALL_DATA='${INSTALL} -m 644'
INSTALL_PROGRAM='${INSTALL}'
INSTALL_SCRIPT='${INSTALL}'
INSTALL_STRIP_PROGRAM='$(install_sh) -c -s'
INTLLIBS=''
INTL_MACOSX_LIBS=''
JAR='/usr/bin/jar'
JAVA='/usr/bin/java'
JAVAC='/usr/bin/javac'
JAVAH='/usr/bin/javah'
JAVA_HOME='/usr'
LD='/usr/bin/ld'
LDFLAGS=''
LIBICONV='-liconv'
LIBINTL=''
LIBOBJS=''
LIBS=''
LIBTOOL='$(SHELL) $(top_builddir)/libtool'
LIPO=''
LN_S='ln -s'
LTLIBICONV='-liconv'
LTLIBINTL=''
LTLIBOBJS=''
MAKEINFO='${SHELL} /home/sylvain/Devs/sudokukiTrunk/sudokuki/RELEASE/sudokuki/build-aux/missing --run makeinfo'
MANIFEST_TOOL=':'
MSGFMT='/usr/bin/msgfmt'
MSGFMT_015='/usr/bin/msgfmt'
MSGMERGE='/usr/bin/msgmerge'
NM='/usr/bin/nm -B'
NMEDIT=''
OBJDUMP='objdump'
OBJEXT='o'
OTOOL64=''
OTOOL=''
PACKAGE='sudokuki'
PACKAGE_BUGREPORT='sylvain@jankenpoi.net'
PACKAGE_NAME='sudokuki'
PACKAGE_STRING='sudokuki 1.1.Beta3'
PACKAGE_TARNAME='sudokuki'
PACKAGE_VERSION='1.1.Beta3'
PATH_SEPARATOR=':'
POSUB='po'
RANLIB='ranlib'
SED='/bin/sed'
SET_MAKE=''
SHELL='/bin/bash'
STRIP='strip'
TMP_JAR=''
TMP_JAVAC='/usr/bin/javac'
TMP_JAVAH=''
USE_NLS='yes'
VERSION='1.1.Beta3'
XGETTEXT='/usr/bin/xgettext'
XGETTEXT_015='/usr/bin/xgettext'
XGETTEXT_EXTRA_OPTIONS=''
ac_ct_AR='ar'
ac_ct_CC='gcc'
ac_ct_DUMPBIN=''
am__fastdepCC_FALSE='#'
am__fastdepCC_TRUE=''
am__include='include'
am__isrc=''
am__leading_dot='.'
am__quote=''
am__tar='tar --format=posix -chf - "$$tardir"'
am__untar='tar -xf -'
bindir='${exec_prefix}/bin'
build='i686-pc-linux-gnu'
build_alias=''
build_cpu='i686'
build_os='linux-gnu'
build_vendor='pc'
datadir='${datarootdir}'
datarootdir='${prefix}/share'
docdir='${datarootdir}/doc/${PACKAGE_TARNAME}'
dvidir='${docdir}'
exec_prefix='${prefix}'
host='i686-pc-linux-gnu'
host_alias=''
host_cpu='i686'
host_os='linux-gnu'
host_vendor='pc'
htmldir='${docdir}'
includedir='${prefix}/include'
infodir='${datarootdir}/info'
install_sh='$(SHELL) /home/sylvain/Devs/sudokukiTrunk/sudokuki/RELEASE/sudokuki/build-aux/install-sh'
libdir='${exec_prefix}/lib'
libexecdir='${exec_prefix}/libexec'
localedir='${datarootdir}/locale'
localstatedir='${prefix}/var'
mandir='${datarootdir}/man'
mkdir_p='/bin/mkdir -p'
oldincludedir='/usr/include'
pdfdir='${docdir}'
prefix='/usr/local'
program_transform_name='s,x,x,'
psdir='${docdir}'
sbindir='${exec_prefix}/sbin'
sharedstatedir='${prefix}/com'
sysconfdir='${prefix}/etc'
target_alias=''

## ----------- ##
## confdefs.h. ##
## ----------- ##

#define PACKAGE_NAME "sudokuki"
#define PACKAGE_TARNAME "sudokuki"
#define PACKAGE_VERSION "1.1.Beta3"
#define PACKAGE_STRING "sudokuki 1.1.Beta3"
#define PACKAGE_BUGREPORT "sylvain@jankenpoi.net"
#define PACKAGE "sudokuki"
#define VERSION "1.1.Beta3"
#define STDC_HEADERS 1
#define HAVE_SYS_TYPES_H 1
#define HAVE_SYS_STAT_H 1
#define HAVE_STDLIB_H 1
#define HAVE_STRING_H 1
#define HAVE_MEMORY_H 1
#define HAVE_STRINGS_H 1
#define HAVE_INTTYPES_H 1
#define HAVE_STDINT_H 1
#define HAVE_UNISTD_H 1
#define HAVE_DLFCN_H 1
#define LT_OBJDIR ".libs/"
#define ENABLE_NLS 1
#define HAVE_GETTEXT 1
#define HAVE_DCGETTEXT 1

configure: exit 0
